<?xml version="1.0" encoding="UTF-8"?>
<testng-results ignored="0" total="0" passed="0" failed="0" skipped="0">
  <reporter-output>
  </reporter-output>
  <suite started-at="2024-10-10T07:42:45Z" name="Default suite" finished-at="2024-10-10T07:42:45Z" duration-ms="7">
    <groups>
    </groups>
    <test started-at="2024-10-10T07:42:45Z" name="Default test" finished-at="2024-10-10T07:42:45Z" duration-ms="7">
      <class name="com.OrangeHRM.Pages.S4.PIMPage">
        <test-method is-config="true" signature="startReport()[pri:0, instance:com.OrangeHRM.Pages.S4.PIMPage@632ceb35]" started-at="2024-10-10T07:42:45Z" name="startReport" finished-at="2024-10-10T07:42:45Z" duration-ms="341" status="PASS">
          <reporter-output>
          </reporter-output>
        </test-method> <!-- startReport -->
        <test-method is-config="true" signature="stopReport()[pri:0, instance:com.OrangeHRM.Pages.S4.PIMPage@632ceb35]" started-at="2024-10-10T07:42:45Z" name="stopReport" finished-at="2024-10-10T07:42:45Z" duration-ms="430" status="PASS">
          <reporter-output>
          </reporter-output>
        </test-method> <!-- stopReport -->
      </class> <!-- com.OrangeHRM.Pages.S4.PIMPage -->
    </test> <!-- Default test -->
  </suite> <!-- Default suite -->
</testng-results>
